commit 77a8b3515ae549d2b850617646c8c64d3882cf9f
Author: Glenn Downing <downing@cs.utexas.edu>
Date:   Mon Oct 10 09:55:38 2016 -0500

    another commit

commit 71cd4ad6f4da5e5c65cbb51ed469ab8d261bfef7
Author: Glenn Downing <downing@cs.utexas.edu>
Date:   Mon Oct 10 07:24:16 2016 -0500

    another commit

commit 6e914d700ef3f9c9112f676e1b5c595ab1b8c213
Author: Glenn Downing <downing@cs.utexas.edu>
Date:   Mon Oct 10 07:16:41 2016 -0500

    another commit

commit 0a71803e4d65739725a81f025809c43de4b71401
Author: Glenn Downing <downing@cs.utexas.edu>
Date:   Sun Oct 9 22:08:43 2016 -0500

    another commit

commit 38ab201f779922ac3dc0fcae44909d55c02cffaa
Author: Glenn Downing <downing@cs.utexas.edu>
Date:   Mon Oct 3 18:43:41 2016 -0500

    another commit

commit c54a64d8a393f976f9a9c599e796db88756831f4
Author: Glenn Downing <downing@cs.utexas.edu>
Date:   Fri Sep 30 10:20:25 2016 -0500

    another commit

commit 1f180c4f830e85deaaf033a75da334871449f1e3
Author: Glenn Downing <downing@cs.utexas.edu>
Date:   Fri Sep 30 09:23:45 2016 -0500

    another commit

commit 41f6ef0d1b227f7e98b458b38e4a607a185915a2
Author: Glenn Downing <downing@cs.utexas.edu>
Date:   Fri Sep 30 09:08:50 2016 -0500

    another commit

commit 4c31a649df39b8e06061a01f766dd472ff1ca094
Author: Glenn Downing <downing@cs.utexas.edu>
Date:   Fri Sep 30 09:06:05 2016 -0500

    another commit

commit a01bf22ce58068673019037d22bf19da94f62017
Author: Glenn Downing <downing@cs.utexas.edu>
Date:   Thu Sep 29 19:48:23 2016 -0500

    another commit

commit 5953c50f01ba617f7c0d32967548ce1aaccd6e11
Author: Glenn Downing <downing@cs.utexas.edu>
Date:   Mon Sep 26 17:18:23 2016 -0500

    another commit

commit 394893f5ac4792a92cb423e423de406f1af3292e
Author: Glenn Downing <downing@cs.utexas.edu>
Date:   Mon Sep 26 12:40:08 2016 -0500

    another commit

commit d40d5c764d1676bd50496ae621a8c68c65f058cf
Author: Glenn Downing <downing@cs.utexas.edu>
Date:   Mon Sep 26 12:18:32 2016 -0500

    another commit

commit d1ddae39e91e8dcdf75cd1cdee1cb06b0279911e
Author: Glenn Downing <downing@cs.utexas.edu>
Date:   Fri Sep 23 16:14:39 2016 -0500

    another commit

commit 02bf7708a3994c0f91251b5f86af5d80206f1b25
Author: Glenn Downing <downing@cs.utexas.edu>
Date:   Fri Sep 23 16:13:13 2016 -0500

    another commit

commit 20c8a2d4f3a2c34bc5e4b6de9f1fd354302719b6
Author: Glenn Downing <downing@cs.utexas.edu>
Date:   Fri Sep 23 16:12:42 2016 -0500

    another commit

commit c387cca30cf4450ceeafced5f7a1c9528f62dc96
Author: Glenn Downing <downing@cs.utexas.edu>
Date:   Fri Sep 23 09:54:12 2016 -0500

    another commit

commit 3ecad7f71530bc28208c95e49f908f8877d37e67
Author: Glenn Downing <downing@cs.utexas.edu>
Date:   Fri Sep 23 08:02:02 2016 -0500

    another commit

commit 2bbac79f4bac1212567fc6d51796c3648cca9680
Author: Glenn Downing <downing@cs.utexas.edu>
Date:   Wed Sep 21 17:47:00 2016 -0500

    another commit

commit f8948fb40accf59b542cd48ce1c8d37b66ecd342
Author: Glenn Downing <downing@cs.utexas.edu>
Date:   Mon Sep 19 06:39:50 2016 -0500

    another commit

commit 955c4fd4e88415cd8ece422966e391381846f2f7
Author: Glenn Downing <downing@cs.utexas.edu>
Date:   Sun Sep 18 15:47:10 2016 -0500

    another commit

commit eda479d6549149dad7e3bd962b783d0d336e58c8
Author: Glenn Downing <downing@cs.utexas.edu>
Date:   Sun Sep 18 15:42:03 2016 -0500

    another commit

commit 19d34e23c5c19863d11293bb4a88dc7bbc7f65fc
Author: Glenn Downing <downing@cs.utexas.edu>
Date:   Sun Sep 18 15:38:26 2016 -0500

    another commit

commit e003be87ae3970cbbed9a6c0f05701c01a90b4fe
Author: Glenn Downing <downing@cs.utexas.edu>
Date:   Sun Sep 18 13:15:09 2016 -0500

    another commit

commit 7770373dd8243b7791b9f2fc3ac8b4fda6cbf739
Author: Glenn Downing <downing@cs.utexas.edu>
Date:   Sat Sep 17 13:30:54 2016 -0500

    another commit

commit 67cf93b10318bd9e60903bb8be5fe7c3aba623b5
Author: Glenn Downing <downing@cs.utexas.edu>
Date:   Sat Sep 17 12:32:30 2016 -0500

    another commit

commit bd6cb6b34953b92a693d761f0123316951e3e792
Author: Glenn Downing <downing@cs.utexas.edu>
Date:   Fri Sep 16 15:40:04 2016 -0500

    another commit

commit faee52649fc724021ea507eefb72398ccf2793cc
Author: Glenn Downing <downing@cs.utexas.edu>
Date:   Mon Sep 12 07:42:48 2016 -0500

    another commit

commit 7349b1026b0d1e2b2ba563989935fec1e57cfe77
Author: Glenn Downing <downing@cs.utexas.edu>
Date:   Mon Sep 12 07:38:00 2016 -0500

    another commit

commit 1e32fcfb5b73fcb760146bd913034f85212cffe9
Author: Glenn Downing <downing@cs.utexas.edu>
Date:   Mon Sep 12 07:32:41 2016 -0500

    another commit

commit 952785e35800efd33dfcda45328f2f69389eca89
Author: Glenn Downing <downing@cs.utexas.edu>
Date:   Mon Sep 12 06:43:49 2016 -0500

    another commit

commit 6431914f319977e4526ecee39fc5e32c005be6f4
Author: Glenn Downing <downing@cs.utexas.edu>
Date:   Sun Sep 11 17:25:23 2016 -0500

    another commit

commit 56da81fe3fc916a47bd0207e97b5aafb72b7aed6
Author: Glenn Downing <downing@cs.utexas.edu>
Date:   Sun Sep 11 17:16:48 2016 -0500

    another commit

commit 1e6cc89b04539cda8c309e3fff0615cdc6979e13
Author: Glenn Downing <downing@cs.utexas.edu>
Date:   Sun Sep 11 16:57:21 2016 -0500

    another commit

commit 3fb197692219a6bf523e082d193137dd99d7395d
Author: Glenn Downing <downing@cs.utexas.edu>
Date:   Sun Sep 11 16:51:06 2016 -0500

    another commit

commit 87013905198a3313e20b8a453d0b9b56ae8a4922
Author: Glenn Downing <downing@cs.utexas.edu>
Date:   Sun Sep 11 16:16:07 2016 -0500

    another commit

commit a4b400fdce9cfec562824081d7d500701299b2d4
Author: Glenn Downing <downing@cs.utexas.edu>
Date:   Sun Sep 11 15:57:28 2016 -0500

    another commit

commit 196306a0a3425841553d0c67c94b6d6eeab3ba52
Author: Glenn Downing <downing@cs.utexas.edu>
Date:   Sun Sep 11 15:35:23 2016 -0500

    another commit

commit a12dc811cf0cbc1849fd18fbe339dbecd0387ff2
Author: Glenn Downing <downing@cs.utexas.edu>
Date:   Sun Sep 11 15:32:34 2016 -0500

    another commit

commit 16f1851bcab425e5a05ce9c48ea2b821970263a2
Author: Glenn Downing <downing@cs.utexas.edu>
Date:   Sun Sep 11 15:22:36 2016 -0500

    another commit

commit a89ae0d4f0107224d3fcc5538235b1cb29ededf7
Author: Glenn Downing <downing@cs.utexas.edu>
Date:   Sun Sep 11 15:19:56 2016 -0500

    another commit

commit 071b91a829abd5a2f7fec84f3ab2f2dbaead41e6
Author: Glenn Downing <downing@cs.utexas.edu>
Date:   Sun Sep 11 15:09:52 2016 -0500

    another commit

commit 338e618a1a5441252a7408953d8c3636c0ad32d2
Author: Glenn Downing <downing@cs.utexas.edu>
Date:   Fri Sep 9 08:11:56 2016 -0500

    another commit

commit 5f4df74c882ae94c0d011591ee329dc87564e41f
Author: Glenn Downing <downing@cs.utexas.edu>
Date:   Fri Sep 9 07:56:53 2016 -0500

    another commit

commit a4143b1cd77c4c8eafe4c07d5e09228d09547404
Author: Glenn Downing <downing@cs.utexas.edu>
Date:   Thu Sep 8 08:17:15 2016 -0500

    another commit

commit e3bd18b55bfa931854ce1c64f915bfce8117c0d5
Author: Glenn Downing <downing@cs.utexas.edu>
Date:   Wed Sep 7 17:45:45 2016 -0500

    another commit

commit 30fa9bd99d15b91634545f8b90c946da6e10e265
Author: Glenn Downing <downing@cs.utexas.edu>
Date:   Tue Sep 6 21:18:28 2016 -0500

    another commit

commit 5d8eb495569c8ee529aca09b6448cca2d687956e
Author: Glenn Downing <downing@cs.utexas.edu>
Date:   Tue Sep 6 21:06:32 2016 -0500

    another commit

commit ee0b13950de822c34b353f0099134246b16d9f93
Author: Glenn Downing <downing@cs.utexas.edu>
Date:   Tue Sep 6 09:05:18 2016 -0500

    another commit

commit 78c764fbd9c28b8e8a4c4b721ae0c6ca14410297
Author: Glenn Downing <downing@cs.utexas.edu>
Date:   Tue Sep 6 08:42:38 2016 -0500

    another commit

commit 6f7e5078de342d8dc15a3b880fea8c8e7c8ed5c1
Author: Glenn Downing <downing@cs.utexas.edu>
Date:   Tue Sep 6 08:13:05 2016 -0500

    another commit

commit ba9a5d8fb4e8a463fb529b62dd78319f7ce89bec
Author: Glenn Downing <downing@cs.utexas.edu>
Date:   Fri Sep 2 22:10:00 2016 -0500

    another commit

commit 81a3a317a15030489ecc20a665eea82f429abdb7
Author: Glenn Downing <downing@cs.utexas.edu>
Date:   Fri Sep 2 22:01:35 2016 -0500

    another commit

commit 01ded775c110eac4e216fdf2199c4b01393e2bb2
Author: Glenn Downing <downing@cs.utexas.edu>
Date:   Thu Sep 1 22:18:48 2016 -0500

    another commit

commit 2a8cb72951616da91bca9da40792fe93dae81ac1
Author: Glenn Downing <downing@cs.utexas.edu>
Date:   Thu Sep 1 08:47:48 2016 -0500

    another commit

commit 78d0265226c917ca002b7e172758e98886dec145
Author: Glenn Downing <downing@cs.utexas.edu>
Date:   Thu Sep 1 08:45:51 2016 -0500

    another commit

commit 96d8dab27ff26aba03b43d4cc5a2bd43dc8e0104
Author: Glenn Downing <downing@cs.utexas.edu>
Date:   Wed Aug 31 20:34:43 2016 -0500

    another commit

commit 92b337f8f5ca625b4e612a6f5833c7044bcde778
Author: Glenn Downing <downing@cs.utexas.edu>
Date:   Wed Aug 31 20:32:09 2016 -0500

    another commit

commit 9f5f71123dee397cf6dabf8b171c21d086aaf3b7
Author: Glenn Downing <downing@cs.utexas.edu>
Date:   Wed Aug 31 20:26:33 2016 -0500

    another commit

commit 417c3d83a3bf87dfdcb5911c7b09c0879960b16b
Author: Glenn Downing <downing@cs.utexas.edu>
Date:   Wed Aug 31 20:21:04 2016 -0500

    another commit

commit a3f918f0f9e72d38d26b8b3b1c061ecf27989f44
Author: Glenn Downing <downing@cs.utexas.edu>
Date:   Wed Aug 31 20:20:01 2016 -0500

    another commit

commit da784943e7f0785f3b81a60d060e1a3a5c78975d
Author: Glenn Downing <downing@cs.utexas.edu>
Date:   Wed Aug 31 19:47:07 2016 -0500

    another commit

commit a588f9c20fc42e735829361c274831307f275493
Author: Glenn Downing <downing@cs.utexas.edu>
Date:   Wed Aug 31 07:36:56 2016 -0500

    another commit

commit c329e0b797693741db74729fbc36b395396c0fd2
Author: Glenn Downing <downing@cs.utexas.edu>
Date:   Wed Aug 31 07:36:46 2016 -0500

    another commit

commit 5da751c024520aa7c7beb07114e8c90a1f3946dd
Author: Glenn Downing <downing@cs.utexas.edu>
Date:   Sun Aug 28 22:32:51 2016 -0500

    another commit

commit 539395d269443273be72732065d9323561bc4ad8
Author: Glenn Downing <downing@cs.utexas.edu>
Date:   Sat Aug 27 23:07:56 2016 -0500

    another commit

commit 81488a0a83e958fc878430252ee959df6d28891a
Author: Glenn Downing <downing@cs.utexas.edu>
Date:   Sat Aug 27 17:05:18 2016 -0500

    another commit

commit 6bdcc051737dcd896f8f3bad0673a1c50a22e6ea
Author: Glenn Downing <downing@cs.utexas.edu>
Date:   Thu Aug 25 22:20:27 2016 -0500

    another commit

commit 9701e94b2e2365351cf8cb85b7ce9396760fd5eb
Author: Glenn Downing <downing@cs.utexas.edu>
Date:   Thu Aug 25 22:18:38 2016 -0500

    another commit

commit 00647dc3673db52af5c9be134ffc9cb4486907fd
Author: Glenn Downing <downing@cs.utexas.edu>
Date:   Thu Aug 25 22:14:31 2016 -0500

    another commit

commit 4dbdb175edd381a15bed6c5e190e7133eeba2374
Author: Glenn Downing <downing@cs.utexas.edu>
Date:   Thu Aug 25 22:11:53 2016 -0500

    another commit

commit ee73855d8ccaab6ed5bc59eaecce308b4e183bd6
Author: Glenn Downing <downing@cs.utexas.edu>
Date:   Tue Aug 23 09:30:46 2016 -0500

    another commit

commit f31e9e5c4ea40aacadd3fa877513f7b2d42aa511
Author: Glenn Downing <downing@cs.utexas.edu>
Date:   Sun Aug 21 17:02:45 2016 -0500

    another commit

commit 20aac524b632e0d3433163e8f26b37364950f0d8
Author: Glenn Downing <downing@cs.utexas.edu>
Date:   Sun Aug 21 17:02:37 2016 -0500

    first commit
